<?xml version="1.0" encoding="UTF-8"?>
<testng-results ignored="0" total="1" passed="1" failed="0" skipped="0">
  <reporter-output>
  </reporter-output>
  <suite started-at="2025-07-11T21:32:07 MDT" name="Default suite" finished-at="2025-07-11T21:32:09 MDT" duration-ms="2362">
    <groups>
    </groups>
    <test started-at="2025-07-11T21:32:07 MDT" name="Default test" finished-at="2025-07-11T21:32:09 MDT" duration-ms="2362">
      <class name="com.TestScenarios.TC010_PUT_PATCH">
        <test-method signature="UpdateRecords()[pri:0, instance:com.TestScenarios.TC010_PUT_PATCH@1da2cb77]" started-at="2025-07-11T21:32:07 MDT" name="UpdateRecords" finished-at="2025-07-11T21:32:09 MDT" duration-ms="2266" status="PASS">
          <reporter-output>
          </reporter-output>
        </test-method> <!-- UpdateRecords -->
      </class> <!-- com.TestScenarios.TC010_PUT_PATCH -->
    </test> <!-- Default test -->
  </suite> <!-- Default suite -->
</testng-results>
